2026-01-15 00:56:12 - __main__ - INFO - 正在初始化数据库连接...
2026-01-15 00:56:12 - __main__ - INFO - ✅ 数据库连接已建立
2026-01-15 00:56:12 - __main__ - INFO -   ✅ BJ-HA-001: 北京华美医疗美容医院
2026-01-15 00:56:12 - __main__ - INFO -   ✅ SH-ML-002: 上海美莱医疗美容医院
2026-01-15 00:56:12 - __main__ - INFO -   ✅ DOC-BJ-001: 张明华 (主任医师)
2026-01-15 00:56:12 - __main__ - INFO -   ✅ DOC-BJ-002: 李雪梅 (副主任医师)
2026-01-15 00:56:12 - __main__ - INFO -   ✅ DOC-BJ-003: 王建国 (主任医师)
2026-01-15 00:56:12 - __main__ - INFO -   ✅ DOC-SH-001: 陈美玲 (主任医师)
2026-01-15 00:56:13 - __main__ - INFO -   ✅ DOC-SH-002: 林志远 (副主任医师)
2026-01-15 00:56:13 - __main__ - INFO -   ✅ DOC-SH-003: 黄晓燕 (主治医师)
2026-01-15 00:56:13 - __main__ - INFO -   ✅ BOTOX-001: 肉毒素注射-基础版
2026-01-15 00:56:13 - __main__ - INFO -   ✅ BOTOX-002: 肉毒素注射-进阶版
2026-01-15 00:56:13 - __main__ - INFO -   ✅ FILLER-001: 玻尿酸填充-基础版
2026-01-15 00:56:13 - __main__ - INFO -   ✅ FILLER-002: 玻尿酸填充-高端版
2026-01-15 00:56:13 - __main__ - INFO -   ✅ LASER-001: 激光祛斑
2026-01-15 00:56:13 - __main__ - INFO -   ✅ THERMAGE-001: 热玛吉
2026-01-15 00:56:13 - __main__ - INFO -   ✅ ULTHERA-001: 超声刀
2026-01-15 00:56:13 - __main__ - INFO -   ✅ MICRO-001: 微针治疗
2026-01-15 00:56:13 - __main__ - INFO -   ✅ BOTOX-100U: 保妥适
2026-01-15 00:56:13 - __main__ - INFO -   ✅ DYSPORT-300U: 吉适
2026-01-15 00:56:13 - __main__ - INFO -   ✅ JUVEDERM-VOLUMA: 乔雅登丰颜
2026-01-15 00:56:13 - __main__ - INFO -   ✅ JUVEDERM-ULTRA: 乔雅登极致
2026-01-15 00:56:13 - __main__ - INFO -   ✅ RESTYLANE-LYFT: 瑞蓝丽芙
2026-01-15 00:56:13 - __main__ - INFO -   ✅ RESTYLANE-KYSSE: 瑞蓝Kysse
2026-01-15 00:56:13 - __main__ - INFO -   ✅ PICOWAY: 皮秒激光仪
2026-01-15 00:56:13 - __main__ - INFO -   ✅ THERMAGE-FLX: 热玛吉FLX
2026-01-15 00:56:13 - __main__ - INFO -     ✅ BJ-HA-001-C0001: 张小红
2026-01-15 00:56:13 - __main__ - INFO -     ✅ BJ-HA-001-C0002: 李美丽
2026-01-15 00:56:13 - __main__ - INFO -     ✅ BJ-HA-001-C0003: 王芳芳
2026-01-15 00:56:13 - __main__ - INFO -     ✅ BJ-HA-001-C0004: 赵丽娜
2026-01-15 00:56:13 - __main__ - INFO -     ✅ BJ-HA-001-C0005: 刘婷婷
2026-01-15 00:56:13 - __main__ - ERROR -     ❌ BJ-HA-001-ORD-20260110-0001: relation "consumption_order_bj_ha_001" does not exist
2026-01-15 00:56:13 - __main__ - ERROR -     ❌ BJ-HA-001-ORD-20260105-0001: relation "consumption_order_bj_ha_001" does not exist
2026-01-15 00:56:13 - __main__ - ERROR -     ❌ BJ-HA-001-ORD-20251220-0001: relation "consumption_order_bj_ha_001" does not exist
2026-01-15 00:56:13 - __main__ - ERROR -     ❌ BJ-HA-001-ORD-20251115-0001: relation "consumption_order_bj_ha_001" does not exist
2026-01-15 00:56:13 - __main__ - ERROR -     ❌ BJ-HA-001-ORD-20251020-0001: relation "consumption_order_bj_ha_001" does not exist
2026-01-15 00:56:13 - __main__ - INFO -   ✅ BOTOX-001 -> BOTOX-002
2026-01-15 00:56:13 - __main__ - INFO -   ✅ FILLER-001 -> FILLER-002
2026-01-15 00:56:13 - __main__ - INFO -   ✅ THERMAGE-001 -> ULTHERA-001
2026-01-15 00:56:13 - __main__ - INFO -   ✅ BOTOX-001 -> FILLER-001
2026-01-15 00:56:13 - __main__ - INFO -   ✅ BOTOX-100U -> DYSPORT-300U
2026-01-15 00:56:13 - __main__ - INFO -   ✅ JUVEDERM-VOLUMA -> RESTYLANE-LYFT
2026-01-15 00:56:13 - __main__ - INFO -   ✅ JUVEDERM-VOLUMA -> JUVEDERM-ULTRA
2026-01-15 00:56:13 - __main__ - WARNING - ⚠️ 初始导入完成，但有 5 个错误
2026-01-15 00:56:13 - __main__ - INFO - ✅ 数据库连接已关闭
2026-01-15 01:03:13 - __main__ - INFO - 正在初始化数据库连接...
2026-01-15 01:03:14 - __main__ - INFO - ✅ 数据库连接已建立
2026-01-15 01:03:14 - __main__ - INFO -   ✅ BJ-HA-001: 北京华美医疗美容医院
2026-01-15 01:03:14 - __main__ - INFO -   ✅ SH-ML-002: 上海美莱医疗美容医院
2026-01-15 01:03:30 - __main__ - INFO - 正在初始化数据库连接...
2026-01-15 01:03:30 - __main__ - INFO - ✅ 数据库连接已建立
2026-01-15 01:03:30 - __main__ - INFO -   ✅ BJ-HA-001: 北京华美医疗美容医院
2026-01-15 01:03:30 - __main__ - INFO -   ✅ SH-ML-002: 上海美莱医疗美容医院
2026-01-15 01:03:30 - __main__ - INFO -   ✅ DOC-BJ-001: 张明华 (主任医师)
2026-01-15 01:03:30 - __main__ - INFO -   ✅ DOC-BJ-002: 李雪梅 (副主任医师)
2026-01-15 01:03:30 - __main__ - INFO -   ✅ DOC-BJ-003: 王建国 (主任医师)
2026-01-15 01:03:30 - __main__ - INFO -   ✅ DOC-SH-001: 陈美玲 (主任医师)
2026-01-15 01:03:30 - __main__ - INFO -   ✅ DOC-SH-002: 林志远 (副主任医师)
2026-01-15 01:03:30 - __main__ - INFO -   ✅ DOC-SH-003: 黄晓燕 (主治医师)
2026-01-15 01:03:30 - __main__ - INFO -   ✅ BOTOX-001: 肉毒素注射-基础版
2026-01-15 01:03:30 - __main__ - INFO -   ✅ BOTOX-002: 肉毒素注射-进阶版
2026-01-15 01:03:30 - __main__ - INFO -   ✅ FILLER-001: 玻尿酸填充-基础版
2026-01-15 01:03:31 - __main__ - INFO -   ✅ FILLER-002: 玻尿酸填充-高端版
2026-01-15 01:03:31 - __main__ - INFO -   ✅ LASER-001: 激光祛斑
2026-01-15 01:03:31 - __main__ - INFO -   ✅ THERMAGE-001: 热玛吉
2026-01-15 01:03:31 - __main__ - INFO -   ✅ ULTHERA-001: 超声刀
2026-01-15 01:03:31 - __main__ - INFO -   ✅ MICRO-001: 微针治疗
2026-01-15 01:03:31 - __main__ - INFO -   ✅ BOTOX-100U: 保妥适
2026-01-15 01:03:31 - __main__ - INFO -   ✅ DYSPORT-300U: 吉适
2026-01-15 01:03:31 - __main__ - INFO -   ✅ JUVEDERM-VOLUMA: 乔雅登丰颜
2026-01-15 01:03:31 - __main__ - INFO -   ✅ JUVEDERM-ULTRA: 乔雅登极致
2026-01-15 01:03:31 - __main__ - INFO -   ✅ RESTYLANE-LYFT: 瑞蓝丽芙
2026-01-15 01:03:31 - __main__ - INFO -   ✅ RESTYLANE-KYSSE: 瑞蓝Kysse
2026-01-15 01:03:31 - __main__ - INFO -   ✅ PICOWAY: 皮秒激光仪
2026-01-15 01:03:31 - __main__ - INFO -   ✅ THERMAGE-FLX: 热玛吉FLX
2026-01-15 01:03:31 - __main__ - INFO -     ✅ BJ-HA-001-C0001: 张小红
2026-01-15 01:03:31 - __main__ - INFO -     ✅ BJ-HA-001-C0002: 李美丽
2026-01-15 01:03:31 - __main__ - INFO -     ✅ BJ-HA-001-C0003: 王芳芳
2026-01-15 01:03:31 - __main__ - INFO -     ✅ BJ-HA-001-C0004: 赵丽娜
2026-01-15 01:03:31 - __main__ - INFO -     ✅ BJ-HA-001-C0005: 刘婷婷
2026-01-15 01:03:31 - __main__ - ERROR -     ❌ BJ-HA-001-ORD-20260110-0001: relation "consumption_order_bj_ha_001" does not exist
2026-01-15 01:03:31 - __main__ - ERROR -     ❌ BJ-HA-001-ORD-20260105-0001: relation "consumption_order_bj_ha_001" does not exist
2026-01-15 01:03:31 - __main__ - ERROR -     ❌ BJ-HA-001-ORD-20251220-0001: relation "consumption_order_bj_ha_001" does not exist
2026-01-15 01:03:31 - __main__ - ERROR -     ❌ BJ-HA-001-ORD-20251115-0001: relation "consumption_order_bj_ha_001" does not exist
2026-01-15 01:03:31 - __main__ - ERROR -     ❌ BJ-HA-001-ORD-20251020-0001: relation "consumption_order_bj_ha_001" does not exist
2026-01-15 01:03:31 - __main__ - INFO -   ✅ BOTOX-001 -> BOTOX-002
2026-01-15 01:03:31 - __main__ - INFO -   ✅ FILLER-001 -> FILLER-002
2026-01-15 01:03:31 - __main__ - INFO -   ✅ THERMAGE-001 -> ULTHERA-001
2026-01-15 01:03:31 - __main__ - INFO -   ✅ BOTOX-001 -> FILLER-001
2026-01-15 01:03:31 - __main__ - INFO -   ✅ BOTOX-100U -> DYSPORT-300U
2026-01-15 01:03:31 - __main__ - INFO -   ✅ JUVEDERM-VOLUMA -> RESTYLANE-LYFT
2026-01-15 01:03:31 - __main__ - INFO -   ✅ JUVEDERM-VOLUMA -> JUVEDERM-ULTRA
2026-01-15 01:03:31 - __main__ - WARNING - ⚠️ 初始导入完成，但有 5 个错误
2026-01-15 01:03:31 - __main__ - INFO - ✅ 数据库连接已关闭
2026-01-15 01:05:48 - __main__ - INFO - 正在初始化数据库连接...
2026-01-15 01:05:48 - __main__ - INFO - ✅ 数据库连接已建立
2026-01-15 01:05:48 - __main__ - INFO -   ✅ BJ-HA-001: 北京华美医疗美容医院
2026-01-15 01:05:48 - __main__ - INFO -   ✅ SH-ML-002: 上海美莱医疗美容医院
2026-01-15 01:05:48 - __main__ - INFO -   ✅ DOC-BJ-001: 张明华 (主任医师)
2026-01-15 01:05:48 - __main__ - INFO -   ✅ DOC-BJ-002: 李雪梅 (副主任医师)
2026-01-15 01:05:48 - __main__ - INFO -   ✅ DOC-BJ-003: 王建国 (主任医师)
2026-01-15 01:05:48 - __main__ - INFO -   ✅ DOC-SH-001: 陈美玲 (主任医师)
2026-01-15 01:05:48 - __main__ - INFO -   ✅ DOC-SH-002: 林志远 (副主任医师)
2026-01-15 01:05:48 - __main__ - INFO -   ✅ DOC-SH-003: 黄晓燕 (主治医师)
2026-01-15 01:05:49 - __main__ - INFO -   ✅ BOTOX-001: 肉毒素注射-基础版
2026-01-15 01:05:49 - __main__ - INFO -   ✅ BOTOX-002: 肉毒素注射-进阶版
2026-01-15 01:05:49 - __main__ - INFO -   ✅ FILLER-001: 玻尿酸填充-基础版
2026-01-15 01:05:49 - __main__ - INFO -   ✅ FILLER-002: 玻尿酸填充-高端版
2026-01-15 01:05:49 - __main__ - INFO -   ✅ LASER-001: 激光祛斑
2026-01-15 01:05:49 - __main__ - INFO -   ✅ THERMAGE-001: 热玛吉
2026-01-15 01:05:49 - __main__ - INFO -   ✅ ULTHERA-001: 超声刀
2026-01-15 01:05:49 - __main__ - INFO -   ✅ MICRO-001: 微针治疗
2026-01-15 01:05:49 - __main__ - INFO -   ✅ BOTOX-100U: 保妥适
2026-01-15 01:05:49 - __main__ - INFO -   ✅ DYSPORT-300U: 吉适
2026-01-15 01:05:49 - __main__ - INFO -   ✅ JUVEDERM-VOLUMA: 乔雅登丰颜
2026-01-15 01:05:49 - __main__ - INFO -   ✅ JUVEDERM-ULTRA: 乔雅登极致
2026-01-15 01:05:49 - __main__ - INFO -   ✅ RESTYLANE-LYFT: 瑞蓝丽芙
2026-01-15 01:05:49 - __main__ - INFO -   ✅ RESTYLANE-KYSSE: 瑞蓝Kysse
2026-01-15 01:05:49 - __main__ - INFO -   ✅ PICOWAY: 皮秒激光仪
2026-01-15 01:05:49 - __main__ - INFO -   ✅ THERMAGE-FLX: 热玛吉FLX
2026-01-15 01:05:49 - __main__ - INFO -     ✅ BJ-HA-001-C0001: 张小红
2026-01-15 01:05:49 - __main__ - INFO -     ✅ BJ-HA-001-C0002: 李美丽
2026-01-15 01:05:49 - __main__ - INFO -     ✅ BJ-HA-001-C0003: 王芳芳
2026-01-15 01:05:49 - __main__ - INFO -     ✅ BJ-HA-001-C0004: 赵丽娜
2026-01-15 01:05:49 - __main__ - INFO -     ✅ BJ-HA-001-C0005: 刘婷婷
2026-01-15 01:05:49 - __main__ - ERROR -     ❌ BJ-HA-001-ORD-20260110-0001: invalid input for query argument $5: '10:30:00' ('str' object has no attribute 'hour')
2026-01-15 01:05:49 - __main__ - ERROR -     ❌ BJ-HA-001-ORD-20260105-0001: invalid input for query argument $5: '14:00:00' ('str' object has no attribute 'hour')
2026-01-15 01:05:49 - __main__ - ERROR -     ❌ BJ-HA-001-ORD-20251220-0001: invalid input for query argument $5: '11:00:00' ('str' object has no attribute 'hour')
2026-01-15 01:05:49 - __main__ - ERROR -     ❌ BJ-HA-001-ORD-20251115-0001: invalid input for query argument $5: '15:30:00' ('str' object has no attribute 'hour')
2026-01-15 01:05:49 - __main__ - ERROR -     ❌ BJ-HA-001-ORD-20251020-0001: invalid input for query argument $5: '09:30:00' ('str' object has no attribute 'hour')
2026-01-15 01:05:49 - __main__ - INFO -   ✅ BOTOX-001 -> BOTOX-002
2026-01-15 01:05:49 - __main__ - INFO -   ✅ FILLER-001 -> FILLER-002
2026-01-15 01:05:49 - __main__ - INFO -   ✅ THERMAGE-001 -> ULTHERA-001
2026-01-15 01:05:49 - __main__ - INFO -   ✅ BOTOX-001 -> FILLER-001
2026-01-15 01:05:49 - __main__ - INFO -   ✅ BOTOX-100U -> DYSPORT-300U
2026-01-15 01:05:49 - __main__ - INFO -   ✅ JUVEDERM-VOLUMA -> RESTYLANE-LYFT
2026-01-15 01:05:49 - __main__ - INFO -   ✅ JUVEDERM-VOLUMA -> JUVEDERM-ULTRA
2026-01-15 01:05:49 - __main__ - WARNING - ⚠️ 初始导入完成，但有 5 个错误
2026-01-15 01:05:49 - __main__ - INFO - ✅ 数据库连接已关闭
2026-01-15 01:06:22 - __main__ - INFO - 正在初始化数据库连接...
2026-01-15 01:06:23 - __main__ - INFO - ✅ 数据库连接已建立
2026-01-15 01:06:23 - __main__ - INFO -   ✅ BJ-HA-001: 北京华美医疗美容医院
2026-01-15 01:06:23 - __main__ - INFO -   ✅ SH-ML-002: 上海美莱医疗美容医院
2026-01-15 01:06:23 - __main__ - INFO -   ✅ DOC-BJ-001: 张明华 (主任医师)
2026-01-15 01:06:23 - __main__ - INFO -   ✅ DOC-BJ-002: 李雪梅 (副主任医师)
2026-01-15 01:06:23 - __main__ - INFO -   ✅ DOC-BJ-003: 王建国 (主任医师)
2026-01-15 01:06:23 - __main__ - INFO -   ✅ DOC-SH-001: 陈美玲 (主任医师)
2026-01-15 01:06:23 - __main__ - INFO -   ✅ DOC-SH-002: 林志远 (副主任医师)
2026-01-15 01:06:23 - __main__ - INFO -   ✅ DOC-SH-003: 黄晓燕 (主治医师)
2026-01-15 01:06:23 - __main__ - INFO -   ✅ BOTOX-001: 肉毒素注射-基础版
2026-01-15 01:06:23 - __main__ - INFO -   ✅ BOTOX-002: 肉毒素注射-进阶版
2026-01-15 01:06:23 - __main__ - INFO -   ✅ FILLER-001: 玻尿酸填充-基础版
2026-01-15 01:06:23 - __main__ - INFO -   ✅ FILLER-002: 玻尿酸填充-高端版
2026-01-15 01:06:23 - __main__ - INFO -   ✅ LASER-001: 激光祛斑
2026-01-15 01:06:23 - __main__ - INFO -   ✅ THERMAGE-001: 热玛吉
2026-01-15 01:06:23 - __main__ - INFO -   ✅ ULTHERA-001: 超声刀
2026-01-15 01:06:23 - __main__ - INFO -   ✅ MICRO-001: 微针治疗
2026-01-15 01:06:23 - __main__ - INFO -   ✅ BOTOX-100U: 保妥适
2026-01-15 01:06:23 - __main__ - INFO -   ✅ DYSPORT-300U: 吉适
2026-01-15 01:06:23 - __main__ - INFO -   ✅ JUVEDERM-VOLUMA: 乔雅登丰颜
2026-01-15 01:06:23 - __main__ - INFO -   ✅ JUVEDERM-ULTRA: 乔雅登极致
2026-01-15 01:06:23 - __main__ - INFO -   ✅ RESTYLANE-LYFT: 瑞蓝丽芙
2026-01-15 01:06:23 - __main__ - INFO -   ✅ RESTYLANE-KYSSE: 瑞蓝Kysse
2026-01-15 01:06:23 - __main__ - INFO -   ✅ PICOWAY: 皮秒激光仪
2026-01-15 01:06:23 - __main__ - INFO -   ✅ THERMAGE-FLX: 热玛吉FLX
2026-01-15 01:06:24 - __main__ - INFO -     ✅ BJ-HA-001-C0001: 张小红
2026-01-15 01:06:24 - __main__ - INFO -     ✅ BJ-HA-001-C0002: 李美丽
2026-01-15 01:06:24 - __main__ - INFO -     ✅ BJ-HA-001-C0003: 王芳芳
2026-01-15 01:06:24 - __main__ - INFO -     ✅ BJ-HA-001-C0004: 赵丽娜
2026-01-15 01:06:24 - __main__ - INFO -     ✅ BJ-HA-001-C0005: 刘婷婷
2026-01-15 01:06:24 - __main__ - INFO -     ✅ BJ-HA-001-ORD-20260110-0001
2026-01-15 01:06:24 - __main__ - INFO -     ✅ BJ-HA-001-ORD-20260105-0001
2026-01-15 01:06:24 - __main__ - INFO -     ✅ BJ-HA-001-ORD-20251220-0001
2026-01-15 01:06:24 - __main__ - INFO -     ✅ BJ-HA-001-ORD-20251115-0001
2026-01-15 01:06:24 - __main__ - INFO -     ✅ BJ-HA-001-ORD-20251020-0001
2026-01-15 01:06:24 - __main__ - INFO -   ✅ BOTOX-001 -> BOTOX-002
2026-01-15 01:06:24 - __main__ - INFO -   ✅ FILLER-001 -> FILLER-002
2026-01-15 01:06:24 - __main__ - INFO -   ✅ THERMAGE-001 -> ULTHERA-001
2026-01-15 01:06:24 - __main__ - INFO -   ✅ BOTOX-001 -> FILLER-001
2026-01-15 01:06:24 - __main__ - INFO -   ✅ BOTOX-100U -> DYSPORT-300U
2026-01-15 01:06:24 - __main__ - INFO -   ✅ JUVEDERM-VOLUMA -> RESTYLANE-LYFT
2026-01-15 01:06:24 - __main__ - INFO -   ✅ JUVEDERM-VOLUMA -> JUVEDERM-ULTRA
2026-01-15 01:06:24 - __main__ - INFO - ✅ 初始导入完成!
2026-01-15 01:06:24 - __main__ - INFO - ✅ 数据库连接已关闭
2026-01-15 01:16:28 - __main__ - INFO - 正在初始化数据库连接...
2026-01-15 01:16:29 - __main__ - INFO - ✅ 数据库连接已建立
2026-01-15 01:16:29 - __main__ - INFO -   ✅ BJ-HA-001: 北京华美医疗美容医院
2026-01-15 01:16:29 - __main__ - INFO -   ✅ SH-ML-002: 上海美莱医疗美容医院
2026-01-15 01:16:29 - __main__ - INFO -   ✅ DOC-BJ-001: 张明华 (主任医师)
2026-01-15 01:16:29 - __main__ - INFO -   ✅ DOC-BJ-002: 李雪梅 (副主任医师)
2026-01-15 01:16:29 - __main__ - INFO -   ✅ DOC-BJ-003: 王建国 (主任医师)
2026-01-15 01:16:29 - __main__ - INFO -   ✅ DOC-SH-001: 陈美玲 (主任医师)
2026-01-15 01:16:29 - __main__ - INFO -   ✅ DOC-SH-002: 林志远 (副主任医师)
2026-01-15 01:16:29 - __main__ - INFO -   ✅ DOC-SH-003: 黄晓燕 (主治医师)
2026-01-15 01:16:29 - __main__ - INFO -   ✅ BOTOX-001: 肉毒素注射-基础版
2026-01-15 01:16:47 - __main__ - INFO - 正在初始化数据库连接...
2026-01-15 01:16:48 - __main__ - INFO - ✅ 数据库连接已建立
2026-01-15 01:16:48 - __main__ - INFO -   ✅ BJ-HA-001: 北京华美医疗美容医院
2026-01-15 01:16:48 - __main__ - INFO -   ✅ SH-ML-002: 上海美莱医疗美容医院
2026-01-15 01:16:48 - __main__ - INFO -   ✅ DOC-BJ-001: 张明华 (主任医师)
2026-01-15 01:16:48 - __main__ - INFO -   ✅ DOC-BJ-002: 李雪梅 (副主任医师)
2026-01-15 01:16:48 - __main__ - INFO -   ✅ DOC-BJ-003: 王建国 (主任医师)
2026-01-15 01:16:48 - __main__ - INFO -   ✅ DOC-SH-001: 陈美玲 (主任医师)
2026-01-15 01:16:48 - __main__ - INFO -   ✅ DOC-SH-002: 林志远 (副主任医师)
2026-01-15 01:16:48 - __main__ - INFO -   ✅ DOC-SH-003: 黄晓燕 (主治医师)
2026-01-15 01:16:48 - __main__ - INFO -   ✅ BOTOX-001: 肉毒素注射-基础版
2026-01-15 01:16:48 - __main__ - INFO -   ✅ BOTOX-002: 肉毒素注射-进阶版
2026-01-15 01:16:48 - __main__ - INFO -   ✅ FILLER-001: 玻尿酸填充-基础版
2026-01-15 01:16:48 - __main__ - INFO -   ✅ FILLER-002: 玻尿酸填充-高端版
2026-01-15 01:16:48 - __main__ - INFO -   ✅ LASER-001: 激光祛斑
2026-01-15 01:16:48 - __main__ - INFO -   ✅ THERMAGE-001: 热玛吉
2026-01-15 01:16:48 - __main__ - INFO -   ✅ ULTHERA-001: 超声刀
2026-01-15 01:16:48 - __main__ - INFO -   ✅ MICRO-001: 微针治疗
2026-01-15 01:16:48 - __main__ - INFO -   ✅ BOTOX-100U: 保妥适
2026-01-15 01:16:48 - __main__ - INFO -   ✅ DYSPORT-300U: 吉适
2026-01-15 01:16:48 - __main__ - INFO -   ✅ JUVEDERM-VOLUMA: 乔雅登丰颜
2026-01-15 01:16:48 - __main__ - INFO -   ✅ JUVEDERM-ULTRA: 乔雅登极致
2026-01-15 01:16:48 - __main__ - INFO -   ✅ RESTYLANE-LYFT: 瑞蓝丽芙
2026-01-15 01:16:49 - __main__ - INFO -   ✅ RESTYLANE-KYSSE: 瑞蓝Kysse
2026-01-15 01:16:49 - __main__ - INFO -   ✅ PICOWAY: 皮秒激光仪
2026-01-15 01:16:49 - __main__ - INFO -   ✅ THERMAGE-FLX: 热玛吉FLX
2026-01-15 01:16:49 - __main__ - INFO -     ✅ BJ-HA-001-C0001: 张小红
2026-01-15 01:16:49 - __main__ - INFO -     ✅ BJ-HA-001-C0002: 李美丽
2026-01-15 01:16:49 - __main__ - INFO -     ✅ BJ-HA-001-C0003: 王芳芳
2026-01-15 01:16:49 - __main__ - INFO -     ✅ BJ-HA-001-C0004: 赵丽娜
2026-01-15 01:16:49 - __main__ - INFO -     ✅ BJ-HA-001-C0005: 刘婷婷
2026-01-15 01:16:49 - __main__ - INFO -   ✅ BOTOX-001 -> BOTOX-002
2026-01-15 01:16:49 - __main__ - INFO -   ✅ FILLER-001 -> FILLER-002
2026-01-15 01:16:49 - __main__ - INFO -   ✅ THERMAGE-001 -> ULTHERA-001
2026-01-15 01:16:49 - __main__ - INFO -   ✅ BOTOX-001 -> FILLER-001
2026-01-15 01:16:49 - __main__ - INFO -   ✅ BOTOX-100U -> DYSPORT-300U
2026-01-15 01:16:49 - __main__ - INFO -   ✅ JUVEDERM-VOLUMA -> RESTYLANE-LYFT
2026-01-15 01:16:49 - __main__ - INFO -   ✅ JUVEDERM-VOLUMA -> JUVEDERM-ULTRA
2026-01-15 01:16:49 - __main__ - INFO - ✅ 初始导入完成!
2026-01-15 01:16:49 - __main__ - INFO - ✅ 数据库连接已关闭
2026-01-15 01:37:28 - scripts.import_data - INFO - 正在初始化数据库连接...
2026-01-15 01:37:28 - scripts.import_data - INFO - ✅ 数据库连接已建立
2026-01-15 01:37:28 - scripts.import_data - INFO -   ✅ BJ-HA-001: 北京华美医疗美容医院
2026-01-15 01:37:28 - scripts.import_data - INFO -   ✅ SH-ML-002: 上海美莱医疗美容医院
2026-01-15 01:37:28 - scripts.import_data - INFO -   ✅ DOC-BJ-001: 张明华 (主任医师)
2026-01-15 01:37:28 - scripts.import_data - INFO -   ✅ DOC-BJ-002: 李雪梅 (副主任医师)
2026-01-15 01:37:29 - scripts.import_data - INFO -   ✅ DOC-BJ-003: 王建国 (主任医师)
2026-01-15 01:37:29 - scripts.import_data - INFO -   ✅ DOC-SH-001: 陈美玲 (主任医师)
2026-01-15 01:37:29 - scripts.import_data - INFO -   ✅ DOC-SH-002: 林志远 (副主任医师)
2026-01-15 01:37:29 - scripts.import_data - INFO -   ✅ DOC-SH-003: 黄晓燕 (主治医师)
2026-01-15 01:37:29 - scripts.import_data - INFO -   ✅ BOTOX-001: 肉毒素注射-基础版
2026-01-15 01:37:29 - scripts.import_data - INFO -   ✅ BOTOX-002: 肉毒素注射-进阶版
2026-01-15 01:37:29 - scripts.import_data - INFO -   ✅ FILLER-001: 玻尿酸填充-基础版
2026-01-15 01:37:29 - scripts.import_data - INFO -   ✅ FILLER-002: 玻尿酸填充-高端版
2026-01-15 01:37:29 - scripts.import_data - INFO -   ✅ LASER-001: 激光祛斑
2026-01-15 01:37:29 - scripts.import_data - INFO -   ✅ THERMAGE-001: 热玛吉
2026-01-15 01:37:29 - scripts.import_data - INFO -   ✅ ULTHERA-001: 超声刀
2026-01-15 01:37:29 - scripts.import_data - INFO -   ✅ MICRO-001: 微针治疗
2026-01-15 01:37:29 - scripts.import_data - INFO -   ✅ BOTOX-100U: 保妥适
2026-01-15 01:37:29 - scripts.import_data - INFO -   ✅ DYSPORT-300U: 吉适
2026-01-15 01:37:29 - scripts.import_data - INFO -   ✅ JUVEDERM-VOLUMA: 乔雅登丰颜
2026-01-15 01:37:29 - scripts.import_data - INFO -   ✅ JUVEDERM-ULTRA: 乔雅登极致
2026-01-15 01:37:29 - scripts.import_data - INFO -   ✅ RESTYLANE-LYFT: 瑞蓝丽芙
2026-01-15 01:37:29 - scripts.import_data - INFO -   ✅ RESTYLANE-KYSSE: 瑞蓝Kysse
2026-01-15 01:37:29 - scripts.import_data - INFO -   ✅ PICOWAY: 皮秒激光仪
2026-01-15 01:37:29 - scripts.import_data - INFO -   ✅ THERMAGE-FLX: 热玛吉FLX
2026-01-15 01:37:29 - scripts.import_data - INFO -     ✅ BJ-HA-001-C0001: 张小红
2026-01-15 01:37:29 - scripts.import_data - INFO -     ✅ BJ-HA-001-C0002: 李美丽
2026-01-15 01:37:29 - scripts.import_data - INFO -     ✅ BJ-HA-001-C0003: 王芳芳
2026-01-15 01:37:29 - scripts.import_data - INFO -     ✅ BJ-HA-001-C0004: 赵丽娜
2026-01-15 01:37:29 - scripts.import_data - INFO -     ✅ BJ-HA-001-C0005: 刘婷婷
2026-01-15 01:37:29 - scripts.import_data - INFO -     ✅ BJ-HA-001-ORD-20260110-0001
2026-01-15 01:37:29 - scripts.import_data - INFO -     ✅ BJ-HA-001-ORD-20260105-0001
2026-01-15 01:37:29 - scripts.import_data - INFO -     ✅ BJ-HA-001-ORD-20251220-0001
2026-01-15 01:37:29 - scripts.import_data - INFO -     ✅ BJ-HA-001-ORD-20251115-0001
2026-01-15 01:37:29 - scripts.import_data - INFO -     ✅ BJ-HA-001-ORD-20251020-0001
2026-01-15 01:37:29 - scripts.import_data - INFO -   ✅ BOTOX-001 -> BOTOX-002
2026-01-15 01:37:29 - scripts.import_data - INFO -   ✅ FILLER-001 -> FILLER-002
2026-01-15 01:37:29 - scripts.import_data - INFO -   ✅ THERMAGE-001 -> ULTHERA-001
2026-01-15 01:37:29 - scripts.import_data - INFO -   ✅ BOTOX-001 -> FILLER-001
2026-01-15 01:37:29 - scripts.import_data - INFO -   ✅ BOTOX-100U -> DYSPORT-300U
2026-01-15 01:37:29 - scripts.import_data - INFO -   ✅ JUVEDERM-VOLUMA -> RESTYLANE-LYFT
2026-01-15 01:37:29 - scripts.import_data - INFO -   ✅ JUVEDERM-VOLUMA -> JUVEDERM-ULTRA
2026-01-15 01:37:29 - scripts.import_data - INFO - ✅ 初始导入完成!
2026-01-15 01:37:29 - scripts.import_data - INFO - ✅ 数据库连接已关闭
2026-01-15 01:37:35 - scripts.run_reminders - ERROR - 机构 BJ-HA-001 回访失败: invalid input for query argument $3: 0 (expected str, got int)
2026-01-15 01:37:35 - scripts.run_reminders - ERROR - 机构 SH-ML-002 回访失败: invalid input for query argument $3: 0 (expected str, got int)
2026-01-15 13:06:31 - scripts.import_data - INFO - 正在初始化数据库连接...
2026-01-15 13:06:31 - scripts.import_data - INFO - ✅ 数据库连接已建立
2026-01-15 13:06:31 - scripts.import_data - INFO -   ✅ 已归档到: D:\pyspace\Revisit\data\import\incremental\processed\2026-01-14
2026-01-15 13:06:31 - scripts.import_data - INFO - ✅ 增量处理完成!
2026-01-15 13:06:31 - scripts.import_data - INFO - ✅ 数据库连接已关闭
2026-01-15 14:29:32 - __main__ - INFO - 正在初始化数据库连接...
2026-01-15 14:29:49 - __main__ - INFO - ✅ 数据库连接已建立
2026-01-15 14:29:52 - __main__ - INFO -   ✅ BJ-HA-001: 北京华美医疗美容医院
2026-01-15 14:29:52 - __main__ - INFO -   ✅ SH-ML-002: 上海美莱医疗美容医院
2026-01-15 14:29:52 - __main__ - INFO -   ✅ DOC-BJ-001: 张明华 (主任医师)
2026-01-15 14:29:52 - __main__ - INFO -   ✅ DOC-BJ-002: 李雪梅 (副主任医师)
2026-01-15 14:29:52 - __main__ - INFO -   ✅ DOC-BJ-003: 王建国 (主任医师)
2026-01-15 14:29:52 - __main__ - INFO -   ✅ DOC-SH-001: 陈美玲 (主任医师)
2026-01-15 14:29:52 - __main__ - INFO -   ✅ DOC-SH-002: 林志远 (副主任医师)
2026-01-15 14:29:52 - __main__ - INFO -   ✅ DOC-SH-003: 黄晓燕 (主治医师)
2026-01-15 14:29:52 - __main__ - INFO -   ✅ BOTOX-001: 肉毒素注射-基础版
2026-01-15 14:29:52 - __main__ - INFO -   ✅ BOTOX-002: 肉毒素注射-进阶版
2026-01-15 14:29:52 - __main__ - INFO -   ✅ FILLER-001: 玻尿酸填充-基础版
2026-01-15 14:29:52 - __main__ - INFO -   ✅ FILLER-002: 玻尿酸填充-高端版
2026-01-15 14:29:52 - __main__ - INFO -   ✅ LASER-001: 激光祛斑
2026-01-15 14:29:52 - __main__ - INFO -   ✅ THERMAGE-001: 热玛吉
2026-01-15 14:29:52 - __main__ - INFO -   ✅ ULTHERA-001: 超声刀
2026-01-15 14:29:52 - __main__ - INFO -   ✅ MICRO-001: 微针治疗
2026-01-15 14:29:52 - __main__ - INFO -   ✅ BOTOX-100U: 保妥适
2026-01-15 14:29:52 - __main__ - INFO -   ✅ DYSPORT-300U: 吉适
2026-01-15 14:29:52 - __main__ - INFO -   ✅ JUVEDERM-VOLUMA: 乔雅登丰颜
2026-01-15 14:29:52 - __main__ - INFO -   ✅ JUVEDERM-ULTRA: 乔雅登极致
2026-01-15 14:29:52 - __main__ - INFO -   ✅ RESTYLANE-LYFT: 瑞蓝丽芙
2026-01-15 14:29:52 - __main__ - INFO -   ✅ RESTYLANE-KYSSE: 瑞蓝Kysse
2026-01-15 14:29:52 - __main__ - INFO -   ✅ PICOWAY: 皮秒激光仪
2026-01-15 14:29:52 - __main__ - INFO -   ✅ THERMAGE-FLX: 热玛吉FLX
2026-01-15 14:29:52 - __main__ - INFO -     ✅ BJ-HA-001-C0001: 张小红
2026-01-15 14:29:52 - __main__ - INFO -     ✅ BJ-HA-001-C0002: 李美丽
2026-01-15 14:29:52 - __main__ - INFO -     ✅ BJ-HA-001-C0003: 王芳芳
2026-01-15 14:29:52 - __main__ - INFO -     ✅ BJ-HA-001-C0004: 赵丽娜
2026-01-15 14:29:52 - __main__ - INFO -     ✅ BJ-HA-001-C0005: 刘婷婷
2026-01-15 14:29:52 - __main__ - INFO -     ✅ BJ-HA-001-ORD-20260110-0001
2026-01-15 14:29:52 - __main__ - INFO -     ✅ BJ-HA-001-ORD-20260105-0001
2026-01-15 14:29:52 - __main__ - INFO -     ✅ BJ-HA-001-ORD-20251220-0001
2026-01-15 14:29:52 - __main__ - INFO -     ✅ BJ-HA-001-ORD-20251115-0001
2026-01-15 14:29:52 - __main__ - INFO -     ✅ BJ-HA-001-ORD-20251020-0001
2026-01-15 14:29:52 - __main__ - INFO -   ✅ BOTOX-001 -> BOTOX-002
2026-01-15 14:29:52 - __main__ - INFO -   ✅ FILLER-001 -> FILLER-002
2026-01-15 14:29:52 - __main__ - INFO -   ✅ THERMAGE-001 -> ULTHERA-001
2026-01-15 14:29:52 - __main__ - INFO -   ✅ BOTOX-001 -> FILLER-001
2026-01-15 14:29:52 - __main__ - INFO -   ✅ BOTOX-100U -> DYSPORT-300U
2026-01-15 14:29:52 - __main__ - INFO -   ✅ JUVEDERM-VOLUMA -> RESTYLANE-LYFT
2026-01-15 14:29:52 - __main__ - INFO -   ✅ JUVEDERM-VOLUMA -> JUVEDERM-ULTRA
2026-01-15 14:29:52 - __main__ - INFO - ✅ 初始导入完成!
2026-01-15 14:29:52 - __main__ - INFO - ✅ 数据库连接已关闭
2026-01-15 14:33:37 - __main__ - INFO - 正在初始化数据库连接...
2026-01-15 14:33:54 - __main__ - INFO - ✅ 数据库连接已建立
2026-01-15 14:33:57 - __main__ - INFO -   ✅ BJ-HA-001: 北京华美医疗美容医院
2026-01-15 14:33:57 - __main__ - INFO -   ✅ SH-ML-002: 上海美莱医疗美容医院
2026-01-15 14:33:57 - __main__ - INFO -   ✅ DOC-BJ-001: 张明华 (主任医师)
2026-01-15 14:33:57 - __main__ - INFO -   ✅ DOC-BJ-002: 李雪梅 (副主任医师)
2026-01-15 14:33:57 - __main__ - INFO -   ✅ DOC-BJ-003: 王建国 (主任医师)
2026-01-15 14:33:57 - __main__ - INFO -   ✅ DOC-SH-001: 陈美玲 (主任医师)
2026-01-15 14:33:57 - __main__ - INFO -   ✅ DOC-SH-002: 林志远 (副主任医师)
2026-01-15 14:33:57 - __main__ - INFO -   ✅ DOC-SH-003: 黄晓燕 (主治医师)
2026-01-15 14:33:57 - __main__ - INFO -   ✅ BOTOX-001: 肉毒素注射-基础版
2026-01-15 14:33:57 - __main__ - INFO -   ✅ BOTOX-002: 肉毒素注射-进阶版
2026-01-15 14:33:57 - __main__ - INFO -   ✅ FILLER-001: 玻尿酸填充-基础版
2026-01-15 14:33:57 - __main__ - INFO -   ✅ FILLER-002: 玻尿酸填充-高端版
2026-01-15 14:33:57 - __main__ - INFO -   ✅ LASER-001: 激光祛斑
2026-01-15 14:33:57 - __main__ - INFO -   ✅ THERMAGE-001: 热玛吉
2026-01-15 14:33:57 - __main__ - INFO -   ✅ ULTHERA-001: 超声刀
2026-01-15 14:33:57 - __main__ - INFO -   ✅ MICRO-001: 微针治疗
2026-01-15 14:33:57 - __main__ - INFO -   ✅ BOTOX-100U: 保妥适
2026-01-15 14:33:57 - __main__ - INFO -   ✅ DYSPORT-300U: 吉适
2026-01-15 14:33:57 - __main__ - INFO -   ✅ JUVEDERM-VOLUMA: 乔雅登丰颜
2026-01-15 14:33:57 - __main__ - INFO -   ✅ JUVEDERM-ULTRA: 乔雅登极致
2026-01-15 14:33:57 - __main__ - INFO -   ✅ RESTYLANE-LYFT: 瑞蓝丽芙
2026-01-15 14:33:57 - __main__ - INFO -   ✅ RESTYLANE-KYSSE: 瑞蓝Kysse
2026-01-15 14:33:57 - __main__ - INFO -   ✅ PICOWAY: 皮秒激光仪
2026-01-15 14:33:57 - __main__ - INFO -   ✅ THERMAGE-FLX: 热玛吉FLX
2026-01-15 14:33:57 - __main__ - INFO -     ✅ BJ-HA-001-C0001: 张小红
2026-01-15 14:33:57 - __main__ - INFO -     ✅ BJ-HA-001-C0002: 李美丽
2026-01-15 14:33:57 - __main__ - INFO -     ✅ BJ-HA-001-C0003: 王芳芳
2026-01-15 14:33:57 - __main__ - INFO -     ✅ BJ-HA-001-C0004: 赵丽娜
2026-01-15 14:33:57 - __main__ - INFO -     ✅ BJ-HA-001-C0005: 刘婷婷
2026-01-15 14:33:57 - __main__ - INFO -     ✅ BJ-HA-001-ORD-20260110-0001
2026-01-15 14:33:57 - __main__ - INFO -     ✅ BJ-HA-001-ORD-20260105-0001
2026-01-15 14:33:57 - __main__ - INFO -     ✅ BJ-HA-001-ORD-20251220-0001
2026-01-15 14:33:57 - __main__ - INFO -     ✅ BJ-HA-001-ORD-20251115-0001
2026-01-15 14:33:57 - __main__ - INFO -     ✅ BJ-HA-001-ORD-20251020-0001
2026-01-15 14:33:57 - __main__ - INFO -   ✅ BOTOX-001 -> BOTOX-002
2026-01-15 14:33:57 - __main__ - INFO -   ✅ FILLER-001 -> FILLER-002
2026-01-15 14:33:57 - __main__ - INFO -   ✅ THERMAGE-001 -> ULTHERA-001
2026-01-15 14:33:57 - __main__ - INFO -   ✅ BOTOX-001 -> FILLER-001
2026-01-15 14:33:57 - __main__ - INFO -   ✅ BOTOX-100U -> DYSPORT-300U
2026-01-15 14:33:57 - __main__ - INFO -   ✅ JUVEDERM-VOLUMA -> RESTYLANE-LYFT
2026-01-15 14:33:57 - __main__ - INFO -   ✅ JUVEDERM-VOLUMA -> JUVEDERM-ULTRA
2026-01-15 14:33:57 - __main__ - ERROR - ❌ 导入失败: 'gbk' codec can't encode character '\u2705' in position 2: illegal multibyte sequence
2026-01-15 14:33:57 - __main__ - INFO - ✅ 数据库连接已关闭
2026-01-15 14:34:08 - __main__ - INFO - 正在初始化数据库连接...
2026-01-15 14:34:26 - __main__ - INFO - ✅ 数据库连接已建立
2026-01-15 14:34:28 - __main__ - INFO -   ✅ BJ-HA-001: 北京华美医疗美容医院
2026-01-15 14:34:28 - __main__ - INFO -   ✅ SH-ML-002: 上海美莱医疗美容医院
2026-01-15 14:34:28 - __main__ - INFO -   ✅ DOC-BJ-001: 张明华 (主任医师)
2026-01-15 14:34:28 - __main__ - INFO -   ✅ DOC-BJ-002: 李雪梅 (副主任医师)
2026-01-15 14:34:28 - __main__ - INFO -   ✅ DOC-BJ-003: 王建国 (主任医师)
2026-01-15 14:34:28 - __main__ - INFO -   ✅ DOC-SH-001: 陈美玲 (主任医师)
2026-01-15 14:34:28 - __main__ - INFO -   ✅ DOC-SH-002: 林志远 (副主任医师)
2026-01-15 14:34:28 - __main__ - INFO -   ✅ DOC-SH-003: 黄晓燕 (主治医师)
2026-01-15 14:34:28 - __main__ - INFO -   ✅ BOTOX-001: 肉毒素注射-基础版
2026-01-15 14:34:28 - __main__ - INFO -   ✅ BOTOX-002: 肉毒素注射-进阶版
2026-01-15 14:34:28 - __main__ - INFO -   ✅ FILLER-001: 玻尿酸填充-基础版
2026-01-15 14:34:28 - __main__ - INFO -   ✅ FILLER-002: 玻尿酸填充-高端版
2026-01-15 14:34:28 - __main__ - INFO -   ✅ LASER-001: 激光祛斑
2026-01-15 14:34:28 - __main__ - INFO -   ✅ THERMAGE-001: 热玛吉
2026-01-15 14:34:28 - __main__ - INFO -   ✅ ULTHERA-001: 超声刀
2026-01-15 14:34:28 - __main__ - INFO -   ✅ MICRO-001: 微针治疗
2026-01-15 14:34:28 - __main__ - INFO -   ✅ BOTOX-100U: 保妥适
2026-01-15 14:34:28 - __main__ - INFO -   ✅ DYSPORT-300U: 吉适
2026-01-15 14:34:28 - __main__ - INFO -   ✅ JUVEDERM-VOLUMA: 乔雅登丰颜
2026-01-15 14:34:28 - __main__ - INFO -   ✅ JUVEDERM-ULTRA: 乔雅登极致
2026-01-15 14:34:28 - __main__ - INFO -   ✅ RESTYLANE-LYFT: 瑞蓝丽芙
2026-01-15 14:34:28 - __main__ - INFO -   ✅ RESTYLANE-KYSSE: 瑞蓝Kysse
2026-01-15 14:34:28 - __main__ - INFO -   ✅ PICOWAY: 皮秒激光仪
2026-01-15 14:34:28 - __main__ - INFO -   ✅ THERMAGE-FLX: 热玛吉FLX
2026-01-15 14:34:28 - __main__ - INFO -     ✅ BJ-HA-001-C0001: 张小红
2026-01-15 14:34:28 - __main__ - INFO -     ✅ BJ-HA-001-C0002: 李美丽
2026-01-15 14:34:28 - __main__ - INFO -     ✅ BJ-HA-001-C0003: 王芳芳
2026-01-15 14:34:28 - __main__ - INFO -     ✅ BJ-HA-001-C0004: 赵丽娜
2026-01-15 14:34:28 - __main__ - INFO -     ✅ BJ-HA-001-C0005: 刘婷婷
2026-01-15 14:34:28 - __main__ - INFO -     ✅ BJ-HA-001-ORD-20260110-0001
2026-01-15 14:34:28 - __main__ - INFO -     ✅ BJ-HA-001-ORD-20260105-0001
2026-01-15 14:34:28 - __main__ - INFO -     ✅ BJ-HA-001-ORD-20251220-0001
2026-01-15 14:34:28 - __main__ - INFO -     ✅ BJ-HA-001-ORD-20251115-0001
2026-01-15 14:34:28 - __main__ - INFO -     ✅ BJ-HA-001-ORD-20251020-0001
2026-01-15 14:34:28 - __main__ - INFO -   ✅ BOTOX-001 -> BOTOX-002
2026-01-15 14:34:28 - __main__ - INFO -   ✅ FILLER-001 -> FILLER-002
2026-01-15 14:34:28 - __main__ - INFO -   ✅ THERMAGE-001 -> ULTHERA-001
2026-01-15 14:34:28 - __main__ - INFO -   ✅ BOTOX-001 -> FILLER-001
2026-01-15 14:34:28 - __main__ - INFO -   ✅ BOTOX-100U -> DYSPORT-300U
2026-01-15 14:34:28 - __main__ - INFO -   ✅ JUVEDERM-VOLUMA -> RESTYLANE-LYFT
2026-01-15 14:34:28 - __main__ - INFO -   ✅ JUVEDERM-VOLUMA -> JUVEDERM-ULTRA
2026-01-15 14:34:28 - __main__ - ERROR - ❌ 导入失败: 'gbk' codec can't encode character '\u2705' in position 2: illegal multibyte sequence
2026-01-15 14:34:28 - __main__ - INFO - ✅ 数据库连接已关闭
2026-01-15 18:41:07 - __main__ - INFO - 正在初始化数据库连接...
2026-01-15 18:41:25 - __main__ - INFO - ✅ 数据库连接已建立
2026-01-15 18:41:27 - __main__ - INFO -   ✅ BJ-HA-001: 北京华美医疗美容医院
2026-01-15 18:41:27 - __main__ - INFO -   ✅ SH-ML-002: 上海美莱医疗美容医院
2026-01-15 18:41:27 - __main__ - INFO -   ✅ DOC-BJ-001: 张明华 (主任医师)
2026-01-15 18:41:27 - __main__ - INFO -   ✅ DOC-BJ-002: 李雪梅 (副主任医师)
2026-01-15 18:41:27 - __main__ - INFO -   ✅ DOC-BJ-003: 王建国 (主任医师)
2026-01-15 18:41:27 - __main__ - INFO -   ✅ DOC-SH-001: 陈美玲 (主任医师)
2026-01-15 18:41:27 - __main__ - INFO -   ✅ DOC-SH-002: 林志远 (副主任医师)
2026-01-15 18:41:27 - __main__ - INFO -   ✅ DOC-SH-003: 黄晓燕 (主治医师)
2026-01-15 18:41:27 - __main__ - INFO -   ✅ BOTOX-001: 肉毒素注射-基础版
2026-01-15 18:41:27 - __main__ - INFO -   ✅ BOTOX-002: 肉毒素注射-进阶版
2026-01-15 18:41:27 - __main__ - INFO -   ✅ FILLER-001: 玻尿酸填充-基础版
2026-01-15 18:41:27 - __main__ - INFO -   ✅ FILLER-002: 玻尿酸填充-高端版
2026-01-15 18:41:27 - __main__ - INFO -   ✅ LASER-001: 激光祛斑
2026-01-15 18:41:27 - __main__ - INFO -   ✅ THERMAGE-001: 热玛吉
2026-01-15 18:41:27 - __main__ - INFO -   ✅ ULTHERA-001: 超声刀
2026-01-15 18:41:27 - __main__ - INFO -   ✅ MICRO-001: 微针治疗
2026-01-15 18:41:27 - __main__ - INFO -   ✅ BOTOX-100U: 保妥适
2026-01-15 18:41:27 - __main__ - INFO -   ✅ DYSPORT-300U: 吉适
2026-01-15 18:41:27 - __main__ - INFO -   ✅ JUVEDERM-VOLUMA: 乔雅登丰颜
2026-01-15 18:41:27 - __main__ - INFO -   ✅ JUVEDERM-ULTRA: 乔雅登极致
2026-01-15 18:41:27 - __main__ - INFO -   ✅ RESTYLANE-LYFT: 瑞蓝丽芙
2026-01-15 18:41:27 - __main__ - INFO -   ✅ RESTYLANE-KYSSE: 瑞蓝Kysse
2026-01-15 18:41:27 - __main__ - INFO -   ✅ PICOWAY: 皮秒激光仪
2026-01-15 18:41:27 - __main__ - INFO -   ✅ THERMAGE-FLX: 热玛吉FLX
2026-01-15 18:41:27 - __main__ - INFO -     ✅ BJ-HA-001-C0001: 张小红
2026-01-15 18:41:27 - __main__ - INFO -     ✅ BJ-HA-001-C0002: 李美丽
2026-01-15 18:41:27 - __main__ - INFO -     ✅ BJ-HA-001-C0003: 王芳芳
2026-01-15 18:41:27 - __main__ - INFO -     ✅ BJ-HA-001-C0004: 赵丽娜
2026-01-15 18:41:27 - __main__ - INFO -     ✅ BJ-HA-001-C0005: 刘婷婷
2026-01-15 18:41:27 - __main__ - INFO -     ✅ BJ-HA-001-ORD-20260110-0001
2026-01-15 18:41:27 - __main__ - INFO -     ✅ BJ-HA-001-ORD-20260105-0001
2026-01-15 18:41:27 - __main__ - INFO -     ✅ BJ-HA-001-ORD-20251220-0001
2026-01-15 18:41:27 - __main__ - INFO -     ✅ BJ-HA-001-ORD-20251115-0001
2026-01-15 18:41:27 - __main__ - INFO -     ✅ BJ-HA-001-ORD-20251020-0001
2026-01-15 18:41:27 - __main__ - INFO -     ✅ SH-ML-002-C0001: 刘晓梅
2026-01-15 18:41:27 - __main__ - INFO -     ✅ SH-ML-002-C0002: 陈雅琴
2026-01-15 18:41:27 - __main__ - INFO -     ✅ SH-ML-002-C0003: 周静怡
2026-01-15 18:41:27 - __main__ - INFO -     ✅ SH-ML-002-C0004: 吴思琪
2026-01-15 18:41:27 - __main__ - INFO -     ✅ SH-ML-002-ORD-20260112-0001
2026-01-15 18:41:27 - __main__ - INFO -     ✅ SH-ML-002-ORD-20251228-0001
2026-01-15 18:41:27 - __main__ - INFO -     ✅ SH-ML-002-ORD-20251120-0001
2026-01-15 18:41:27 - __main__ - INFO -   ✅ BOTOX-001 -> BOTOX-002
2026-01-15 18:41:27 - __main__ - INFO -   ✅ FILLER-001 -> FILLER-002
2026-01-15 18:41:27 - __main__ - INFO -   ✅ THERMAGE-001 -> ULTHERA-001
2026-01-15 18:41:27 - __main__ - INFO -   ✅ BOTOX-001 -> FILLER-001
2026-01-15 18:41:27 - __main__ - INFO -   ✅ BOTOX-100U -> DYSPORT-300U
2026-01-15 18:41:27 - __main__ - INFO -   ✅ JUVEDERM-VOLUMA -> RESTYLANE-LYFT
2026-01-15 18:41:27 - __main__ - INFO -   ✅ JUVEDERM-VOLUMA -> JUVEDERM-ULTRA
2026-01-15 18:41:27 - __main__ - INFO - ✅ 初始导入完成!
2026-01-15 18:41:27 - __main__ - INFO - ✅ 数据库连接已关闭
2026-01-16 17:02:38 - __main__ - INFO - 正在初始化数据库连接...
2026-01-16 17:02:38 - __main__ - INFO - ✅ 数据库连接已建立
2026-01-16 17:02:38 - __main__ - INFO -   ✅ BJ-HA-001: 北京华美医疗美容医院
2026-01-16 17:02:38 - __main__ - INFO -   ✅ SH-ML-002: 上海美莱医疗美容医院
2026-01-16 17:02:38 - __main__ - INFO -   ✅ DOC-BJ-001: 张明华 (主任医师)
2026-01-16 17:02:38 - __main__ - INFO -   ✅ DOC-BJ-002: 李雪梅 (副主任医师)
2026-01-16 17:02:38 - __main__ - INFO -   ✅ DOC-BJ-003: 王建国 (主任医师)
2026-01-16 17:02:38 - __main__ - INFO -   ✅ DOC-SH-001: 陈美玲 (主任医师)
2026-01-16 17:02:38 - __main__ - INFO -   ✅ DOC-SH-002: 林志远 (副主任医师)
2026-01-16 17:02:38 - __main__ - INFO -   ✅ DOC-SH-003: 黄晓燕 (主治医师)
2026-01-16 17:02:38 - __main__ - INFO -   ✅ BOTOX-001: 肉毒素注射-基础版
2026-01-16 17:02:38 - __main__ - INFO -   ✅ BOTOX-002: 肉毒素注射-进阶版
2026-01-16 17:02:38 - __main__ - INFO -   ✅ FILLER-001: 玻尿酸填充-基础版
2026-01-16 17:02:38 - __main__ - INFO -   ✅ FILLER-002: 玻尿酸填充-高端版
2026-01-16 17:02:39 - __main__ - INFO -   ✅ LASER-001: 激光祛斑
2026-01-16 17:02:39 - __main__ - INFO -   ✅ THERMAGE-001: 热玛吉
2026-01-16 17:02:39 - __main__ - INFO -   ✅ ULTHERA-001: 超声刀
2026-01-16 17:02:39 - __main__ - INFO -   ✅ MICRO-001: 微针治疗
2026-01-16 17:02:39 - __main__ - INFO -   ✅ BOTOX-100U: 保妥适
2026-01-16 17:02:39 - __main__ - INFO -   ✅ DYSPORT-300U: 吉适
2026-01-16 17:02:39 - __main__ - INFO -   ✅ JUVEDERM-VOLUMA: 乔雅登丰颜
2026-01-16 17:02:39 - __main__ - INFO -   ✅ JUVEDERM-ULTRA: 乔雅登极致
2026-01-16 17:02:39 - __main__ - INFO -   ✅ RESTYLANE-LYFT: 瑞蓝丽芙
2026-01-16 17:02:39 - __main__ - INFO -   ✅ RESTYLANE-KYSSE: 瑞蓝Kysse
2026-01-16 17:02:39 - __main__ - INFO -   ✅ PICOWAY: 皮秒激光仪
2026-01-16 17:02:39 - __main__ - INFO -   ✅ THERMAGE-FLX: 热玛吉FLX
2026-01-16 17:02:39 - __main__ - INFO -     ✅ BJ-HA-001-C0001: 张小红
2026-01-16 17:02:39 - __main__ - INFO -     ✅ BJ-HA-001-C0002: 李美丽
2026-01-16 17:02:39 - __main__ - INFO -     ✅ BJ-HA-001-C0003: 王芳芳
2026-01-16 17:02:39 - __main__ - INFO -     ✅ BJ-HA-001-C0004: 赵丽娜
2026-01-16 17:02:39 - __main__ - INFO -     ✅ BJ-HA-001-C0005: 刘婷婷
2026-01-16 17:02:39 - __main__ - INFO -     ✅ BJ-HA-001-ORD-20260110-0001
2026-01-16 17:02:39 - __main__ - INFO -     ✅ BJ-HA-001-ORD-20260105-0001
2026-01-16 17:02:39 - __main__ - INFO -     ✅ BJ-HA-001-ORD-20251220-0001
2026-01-16 17:02:39 - __main__ - INFO -     ✅ BJ-HA-001-ORD-20251115-0001
2026-01-16 17:02:39 - __main__ - INFO -     ✅ BJ-HA-001-ORD-20251020-0001
2026-01-16 17:02:39 - __main__ - INFO -     ✅ SH-ML-002-C0001: 刘晓梅
2026-01-16 17:02:39 - __main__ - INFO -     ✅ SH-ML-002-C0002: 陈雅琴
2026-01-16 17:02:39 - __main__ - INFO -     ✅ SH-ML-002-C0003: 周静怡
2026-01-16 17:02:39 - __main__ - INFO -     ✅ SH-ML-002-C0004: 吴思琪
2026-01-16 17:02:39 - __main__ - INFO -     ✅ SH-ML-002-ORD-20260112-0001
2026-01-16 17:02:39 - __main__ - INFO -     ✅ SH-ML-002-ORD-20251228-0001
2026-01-16 17:02:39 - __main__ - INFO -     ✅ SH-ML-002-ORD-20251120-0001
2026-01-16 17:02:39 - __main__ - INFO -   ✅ BOTOX-001 -> BOTOX-002
2026-01-16 17:02:39 - __main__ - INFO -   ✅ FILLER-001 -> FILLER-002
2026-01-16 17:02:39 - __main__ - INFO -   ✅ THERMAGE-001 -> ULTHERA-001
2026-01-16 17:02:39 - __main__ - INFO -   ✅ BOTOX-001 -> FILLER-001
2026-01-16 17:02:39 - __main__ - INFO -   ✅ BOTOX-100U -> DYSPORT-300U
2026-01-16 17:02:39 - __main__ - INFO -   ✅ JUVEDERM-VOLUMA -> RESTYLANE-LYFT
2026-01-16 17:02:39 - __main__ - INFO -   ✅ JUVEDERM-VOLUMA -> JUVEDERM-ULTRA
2026-01-16 17:02:39 - __main__ - INFO - ✅ 初始导入完成!
2026-01-16 17:02:39 - __main__ - INFO - ✅ 数据库连接已关闭
